[debug] [2026-06-12T11:27:32.078Z] ----------------------------------------------------------------------
[debug] [2026-06-12T11:27:32.079Z] Command:       /Users/pratik/.nvm/versions/node/v20.20.0/bin/node /Users/pratik/.nvm/versions/node/v20.20.0/bin/firebase deploy --only hosting
[debug] [2026-06-12T11:27:32.079Z] CLI Version:   15.18.0
[debug] [2026-06-12T11:27:32.079Z] Platform:      darwin
[debug] [2026-06-12T11:27:32.079Z] Node Version:  v20.20.0
[debug] [2026-06-12T11:27:32.079Z] Time:          Fri Jun 12 2026 16:57:32 GMT+0530 (India Standard Time)
[debug] [2026-06-12T11:27:32.080Z] ----------------------------------------------------------------------
[debug] 
[debug] [2026-06-12T11:27:32.080Z] >>> [apiv2][query] GET https://firebase-public.firebaseio.com/cli.json [none]
[debug] [2026-06-12T11:27:33.022Z] > command requires scopes: ["email","openid","https://www.googleapis.com/auth/cloudplatformprojects.readonly","https://www.googleapis.com/auth/firebase","https://www.googleapis.com/auth/cloud-platform"]
[debug] [2026-06-12T11:27:33.022Z] > authorizing via signed-in user (priyapatel2k6@gmail.com)
[debug] [2026-06-12T11:27:33.023Z] [iam] checking project app-builder-c9964 for permissions ["firebase.projects.get","firebasehosting.sites.update"]
[debug] [2026-06-12T11:27:33.024Z] Checked if tokens are valid: false, expires at: 1779656312679
[debug] [2026-06-12T11:27:33.025Z] Checked if tokens are valid: false, expires at: 1779656312679
[debug] [2026-06-12T11:27:33.025Z] > refreshing access token with scopes: []
[debug] [2026-06-12T11:27:33.028Z] >>> [apiv2][query] POST https://www.googleapis.com/oauth2/v3/token [none]
[debug] [2026-06-12T11:27:33.029Z] >>> [apiv2][body] POST https://www.googleapis.com/oauth2/v3/token [omitted]
[debug] [2026-06-12T11:27:33.283Z] <<< [apiv2][status] POST https://www.googleapis.com/oauth2/v3/token 200
[debug] [2026-06-12T11:27:33.283Z] <<< [apiv2][body] POST https://www.googleapis.com/oauth2/v3/token [omitted]
[debug] [2026-06-12T11:27:33.294Z] >>> [apiv2][query] POST https://cloudresourcemanager.googleapis.com/v1/projects/app-builder-c9964:testIamPermissions [none]
[debug] [2026-06-12T11:27:33.294Z] >>> [apiv2][(partial)header] POST https://cloudresourcemanager.googleapis.com/v1/projects/app-builder-c9964:testIamPermissions  x-goog-user-project=app-builder-c9964
[debug] [2026-06-12T11:27:33.294Z] >>> [apiv2][body] POST https://cloudresourcemanager.googleapis.com/v1/projects/app-builder-c9964:testIamPermissions {"permissions":["firebase.projects.get","firebasehosting.sites.update"]}
[debug] [2026-06-12T11:27:33.626Z] <<< [apiv2][status] GET https://firebase-public.firebaseio.com/cli.json 200
[debug] [2026-06-12T11:27:33.626Z] <<< [apiv2][body] GET https://firebase-public.firebaseio.com/cli.json {"cloudBuildErrorAfter":1594252800000,"cloudBuildWarnAfter":1590019200000,"defaultNode10After":1594252800000,"minVersion":"3.0.5","node8DeploysDisabledAfter":1613390400000,"node8RuntimeDisabledAfter":1615809600000,"node8WarnAfter":1600128000000}
[debug] [2026-06-12T11:27:34.088Z] <<< [apiv2][status] POST https://cloudresourcemanager.googleapis.com/v1/projects/app-builder-c9964:testIamPermissions 403
[debug] [2026-06-12T11:27:34.088Z] <<< [apiv2][body] POST https://cloudresourcemanager.googleapis.com/v1/projects/app-builder-c9964:testIamPermissions {"error":{"code":403,"message":"Caller does not have required permission to use project app-builder-c9964. Grant the caller the roles/serviceusage.serviceUsageConsumer role, or a custom role with the serviceusage.services.use permission, by visiting https://console.developers.google.com/iam-admin/iam?project=app-builder-c9964 and then retry. Propagation of the new permission may take a few minutes.","status":"PERMISSION_DENIED","details":[{"@type":"type.googleapis.com/google.rpc.ErrorInfo","reason":"USER_PROJECT_DENIED","domain":"googleapis.com","metadata":{"containerInfo":"app-builder-c9964","consumer":"projects/app-builder-c9964","consoleUrl":"https://console.developers.google.com/iam-admin/iam?project=app-builder-c9964","service":"cloudresourcemanager.googleapis.com"}},{"@type":"type.googleapis.com/google.rpc.LocalizedMessage","locale":"en-US","message":"Caller does not have required permission to use project app-builder-c9964. Grant the caller the roles/serviceusage.serviceUsageConsumer role, or a custom role with the serviceusage.services.use permission, by visiting https://console.developers.google.com/iam-admin/iam?project=app-builder-c9964 and then retry. Propagation of the new permission may take a few minutes."},{"@type":"type.googleapis.com/google.rpc.Help","links":[{"description":"Google developer console IAM admin","url":"https://console.developers.google.com/iam-admin/iam?project=app-builder-c9964"}]}]}}
[debug] [2026-06-12T11:27:34.089Z] [iam] error while checking permissions, command may fail: Request to https://cloudresourcemanager.googleapis.com/v1/projects/app-builder-c9964:testIamPermissions had HTTP Error: 403, Caller does not have required permission to use project app-builder-c9964. Grant the caller the roles/serviceusage.serviceUsageConsumer role, or a custom role with the serviceusage.services.use permission, by visiting https://console.developers.google.com/iam-admin/iam?project=app-builder-c9964 and then retry. Propagation of the new permission may take a few minutes.
[debug] [2026-06-12T11:27:34.090Z] Checked if tokens are valid: true, expires at: 1781267252283
[debug] [2026-06-12T11:27:34.090Z] Checked if tokens are valid: true, expires at: 1781267252283
[debug] [2026-06-12T11:27:34.090Z] >>> [apiv2][query] GET https://firebase.googleapis.com/v1beta1/projects/app-builder-c9964 [none]
[debug] [2026-06-12T11:27:34.878Z] <<< [apiv2][status] GET https://firebase.googleapis.com/v1beta1/projects/app-builder-c9964 403
[debug] [2026-06-12T11:27:34.879Z] <<< [apiv2][body] GET https://firebase.googleapis.com/v1beta1/projects/app-builder-c9964 {"error":{"code":403,"message":"The caller does not have permission","status":"PERMISSION_DENIED"}}
[debug] [2026-06-12T11:27:34.879Z] Request to https://firebase.googleapis.com/v1beta1/projects/app-builder-c9964 had HTTP Error: 403, The caller does not have permission
[debug] [2026-06-12T11:27:34.880Z] FirebaseError: Request to https://firebase.googleapis.com/v1beta1/projects/app-builder-c9964 had HTTP Error: 403, The caller does not have permission
    at responseToError (/Users/pratik/.nvm/versions/node/v20.20.0/lib/node_modules/firebase-tools/lib/responseToError.js:53:12)
    at RetryOperation._fn (/Users/pratik/.nvm/versions/node/v20.20.0/lib/node_modules/firebase-tools/lib/apiv2.js:333:77)
    at process.processTicksAndRejections (node:internal/process/task_queues:95:5)
[error] 
[error] Error: Failed to get Firebase project app-builder-c9964. Please make sure the project exists and your account has permission to access it.
